2022-03-13 23:36:25 INFO  Logger Output:19 - Browser Initiated
2022-03-13 23:36:43 INFO  Logger Output:27 - Browser Launched Successfully
2022-03-13 23:36:43 INFO  Logger Output:40 - Navigation Initiated
2022-03-13 23:36:52 INFO  Logger Output:46 - URL Navigated
2022-03-13 23:36:52 INFO  Logger Output:59 - Login Initiated
2022-03-13 23:36:59 INFO  Logger Output:67 - Logged in Successfully
2022-03-13 23:37:02 INFO  Logger Output:94 - Create Customer Initiated
2022-03-13 23:37:17 INFO  Logger Output:108 - Customer Created 
2022-03-13 23:37:17 INFO  Logger Output:121 - Modify Customer Initiated
2022-03-13 23:37:32 INFO  Logger Output:150 - Delete Customer Initiated
2022-03-13 23:37:40 INFO  Logger Output:173 - Logout Initiated
2022-03-13 23:37:43 INFO  Logger Output:180 - Logged Out Successfully
2022-03-13 23:39:07 INFO  Logger Output:19 - Browser Initiated
2022-03-13 23:39:19 INFO  Logger Output:27 - Browser Launched Successfully
2022-03-13 23:39:19 INFO  Logger Output:40 - Navigation Initiated
2022-03-13 23:39:26 INFO  Logger Output:46 - URL Navigated
2022-03-13 23:39:26 INFO  Logger Output:59 - Login Initiated
2022-03-13 23:39:34 INFO  Logger Output:67 - Logged in Successfully
2022-03-13 23:39:37 INFO  Logger Output:94 - Create Customer Initiated
2022-03-13 23:39:53 INFO  Logger Output:108 - Customer Created 
2022-03-13 23:39:53 INFO  Logger Output:121 - Modify Customer Initiated
2022-03-13 23:40:08 INFO  Logger Output:150 - Delete Customer Initiated
2022-03-13 23:40:16 INFO  Logger Output:160 - Customer Deleted
2022-03-13 23:40:16 INFO  Logger Output:173 - Logout Initiated
2022-03-13 23:40:22 INFO  Logger Output:180 - Logged Out Successfully
2022-03-13 23:41:57 INFO  Logger Output:19 - Browser Initiated
2022-03-13 23:42:13 INFO  Logger Output:27 - Browser Launched Successfully
2022-03-13 23:42:13 INFO  Logger Output:40 - Navigation Initiated
2022-03-13 23:42:19 INFO  Logger Output:46 - URL Navigated
2022-03-13 23:42:19 INFO  Logger Output:59 - Login Initiated
2022-03-13 23:42:25 INFO  Logger Output:67 - Logged in Successfully
2022-03-13 23:42:28 INFO  Logger Output:94 - Create Customer Initiated
2022-03-13 23:42:41 INFO  Logger Output:108 - Customer Created 
2022-03-13 23:42:41 INFO  Logger Output:121 - Modify Customer Initiated
2022-03-13 23:42:56 INFO  Logger Output:150 - Delete Customer Initiated
2022-03-13 23:43:05 INFO  Logger Output:160 - Customer Deleted
2022-03-13 23:43:05 INFO  Logger Output:173 - Logout Initiated
2022-03-13 23:43:08 INFO  Logger Output:180 - Logged Out Successfully
2022-03-13 23:44:49 INFO  Logger Output:19 - Browser Initiated
2022-03-13 23:45:01 INFO  Logger Output:27 - Browser Launched Successfully
2022-03-13 23:45:01 INFO  Logger Output:40 - Navigation Initiated
2022-03-13 23:45:08 INFO  Logger Output:46 - URL Navigated
2022-03-13 23:45:08 INFO  Logger Output:59 - Login Initiated
2022-03-13 23:45:17 INFO  Logger Output:67 - Logged in Successfully
2022-03-13 23:45:20 INFO  Logger Output:94 - Create Customer Initiated
2022-03-13 23:45:34 INFO  Logger Output:108 - Customer Created 
2022-03-13 23:45:34 INFO  Logger Output:121 - Modify Customer Initiated
2022-03-13 23:45:51 INFO  Logger Output:151 - Delete Customer Initiated
2022-03-13 23:45:59 INFO  Logger Output:161 - Customer Deleted
2022-03-13 23:45:59 INFO  Logger Output:174 - Logout Initiated
2022-03-13 23:46:02 INFO  Logger Output:181 - Logged Out Successfully
2022-03-14 10:52:06 INFO  Logger Output:19 - Browser Initiated
2022-03-14 10:52:23 INFO  Logger Output:27 - Browser Launched Successfully
2022-03-14 10:52:23 INFO  Logger Output:40 - Navigation Initiated
2022-03-14 10:52:31 INFO  Logger Output:46 - URL Navigated
2022-03-14 10:52:31 INFO  Logger Output:59 - Login Initiated
2022-03-14 10:52:39 INFO  Logger Output:67 - Logged in Successfully
2022-03-14 10:52:42 INFO  Logger Output:94 - Create Customer Initiated
2022-03-14 10:52:56 INFO  Logger Output:108 - Customer Created 
2022-03-14 10:52:56 INFO  Logger Output:121 - Modify Customer Initiated
2022-03-14 10:53:13 INFO  Logger Output:151 - Delete Customer Initiated
2022-03-14 10:53:21 INFO  Logger Output:161 - Customer Deleted
2022-03-14 10:53:21 INFO  Logger Output:174 - Logout Initiated
2022-03-14 10:53:25 INFO  Logger Output:181 - Logged Out Successfully
