2022-03-09 17:27:36 INFO  .:13 - For Loop Execution started here....
2022-03-09 17:27:36 INFO  .:18 - Even Number :20
2022-03-09 17:27:36 INFO  .:18 - Even Number :22
2022-03-09 17:27:36 INFO  .:18 - Even Number :24
2022-03-09 17:27:36 INFO  .:18 - Even Number :26
2022-03-09 17:27:36 INFO  .:18 - Even Number :28
2022-03-09 17:27:36 INFO  .:18 - Even Number :30
2022-03-09 17:27:36 INFO  .:18 - Even Number :32
2022-03-09 17:27:36 INFO  .:18 - Even Number :34
2022-03-09 17:27:36 INFO  .:18 - Even Number :36
2022-03-09 17:27:36 INFO  .:18 - Even Number :38
2022-03-09 17:27:36 INFO  .:18 - Even Number :40
2022-03-09 17:27:36 INFO  .:21 - For Loop Execution ended here ...
2022-03-09 17:27:52 INFO  .:13 - For Loop Execution started here....
2022-03-09 17:27:52 INFO  .:18 - Even Number :20
2022-03-09 17:27:52 INFO  .:18 - Even Number :22
2022-03-09 17:27:52 INFO  .:18 - Even Number :24
2022-03-09 17:27:52 INFO  .:18 - Even Number :26
2022-03-09 17:27:52 INFO  .:18 - Even Number :28
2022-03-09 17:27:52 INFO  .:18 - Even Number :30
2022-03-09 17:27:52 INFO  .:18 - Even Number :32
2022-03-09 17:27:52 INFO  .:18 - Even Number :34
2022-03-09 17:27:52 INFO  .:18 - Even Number :36
2022-03-09 17:27:52 INFO  .:18 - Even Number :38
2022-03-09 17:27:52 INFO  .:18 - Even Number :40
2022-03-09 17:27:52 INFO  .:21 - For Loop Execution ended here ...
2022-03-09 17:35:10 INFO  Loop Output:13 - For Loop Execution started here
2022-03-09 17:35:10 INFO  Loop Output:18 - Even Number :20
2022-03-09 17:35:10 INFO  Loop Output:18 - Even Number :22
2022-03-09 17:35:10 INFO  Loop Output:18 - Even Number :24
2022-03-09 17:35:10 INFO  Loop Output:18 - Even Number :26
2022-03-09 17:35:10 INFO  Loop Output:18 - Even Number :28
2022-03-09 17:35:10 INFO  Loop Output:18 - Even Number :30
2022-03-09 17:35:10 INFO  Loop Output:18 - Even Number :32
2022-03-09 17:35:10 INFO  Loop Output:18 - Even Number :34
2022-03-09 17:35:10 INFO  Loop Output:18 - Even Number :36
2022-03-09 17:35:10 INFO  Loop Output:18 - Even Number :38
2022-03-09 17:35:10 INFO  Loop Output:18 - Even Number :40
2022-03-09 17:35:10 INFO  Loop Output:21 - For Loop Execution ended here
2022-03-12 13:19:31 INFO  Loop Output:13 - For Loop Execution started here
2022-03-12 13:19:31 INFO  Loop Output:18 - Even Number :20
2022-03-12 13:19:31 INFO  Loop Output:18 - Even Number :22
2022-03-12 13:19:31 INFO  Loop Output:18 - Even Number :24
2022-03-12 13:19:31 INFO  Loop Output:18 - Even Number :26
2022-03-12 13:19:31 INFO  Loop Output:18 - Even Number :28
2022-03-12 13:19:31 INFO  Loop Output:18 - Even Number :30
2022-03-12 13:19:31 INFO  Loop Output:18 - Even Number :32
2022-03-12 13:19:31 INFO  Loop Output:18 - Even Number :34
2022-03-12 13:19:31 INFO  Loop Output:18 - Even Number :36
2022-03-12 13:19:31 INFO  Loop Output:18 - Even Number :38
2022-03-12 13:19:31 INFO  Loop Output:18 - Even Number :40
2022-03-12 13:19:31 INFO  Loop Output:21 - For Loop Execution ended here
